Arguments: 
  C:\Program Files\nodejs\node.exe C:\Users\WALTON\AppData\Roaming\npm\node_modules\yarn\bin\yarn.js add firebase-admin --save

PATH: 
  C:\Windows\system32;C:\Windows;C:\Windows\System32\Wbem;C:\Windows\System32\WindowsPowerShell\v1.0\;C:\Windows\System32\OpenSSH\;C:\Program Files\nodejs\;C:\Program Files\Git\cmd;C:\xampp\php;C:\ProgramData\ComposerSetup\bin;C:\Users\WALTON\AppData\Local\Microsoft\WindowsApps;C:\Users\WALTON\AppData\Roaming\npm;C:\Users\WALTON\AppData\Local\Programs\Microsoft VS Code\bin;C:\Users\WALTON\AppData\Roaming\Composer\vendor\bin;C:\Program Files\heroku\bin

Yarn version: 
  1.22.17

Node version: 
  14.18.0

Platform: 
  win32 x64

Trace: 
  Error: EPERM: operation not permitted, unlink 'E:\Projects\pHero\asssignments\niche-website-server-side-myb12\node_modules\node\bin\node.exe'

npm manifest: 
  {
    "name": "myb-watches-server",
    "version": "1.0.0",
    "description": "",
    "main": "index.js",
    "scripts": {
      "start": "node index.js",
      "start-dev": "nodemon index.js",
      "test": "echo \"Error: no test specified\" && exit 1"
    },
    "keywords": [],
    "author": "",
    "license": "ISC",
    "dependencies": {
      "cors": "^2.8.5",
      "dotenv": "^10.0.0",
      "express": "^4.17.1",
      "mongodb": "^4.1.4",
      "node": "^17.0.1"
    }
  }

yarn manifest: 
  No manifest

Lockfile: 
  No lockfile
